app/build/outputs/logs/manifest-merger-debug-report.txt
-- Merging decision tree log ---
manifest
ADDED from src\main\AndroidManifest.xml:2:1-36:12
	package
		ADDED from src\main\AndroidManifest.xml:3:5-45
		INJECTED from src\main\AndroidManifest.xml
		INJECTED from src\debug\AndroidManifest.xml
	android:versionName
		INJECTED from src\main\AndroidManifest.xml
		ADDED from src\main\AndroidManifest.xml:2:1-36:12
		INJECTED from src\debug\AndroidManifest.xml
	xmlns:android
		ADDED from src\main\AndroidManifest.xml:2:11-69
	android:versionCode
		INJECTED from src\main\AndroidManifest.xml
		ADDED from src\main\AndroidManifest.xml:2:1-36:12
		INJECTED from src\debug\AndroidManifest.xml
uses-permission#android.permission.INTERNET
ADDED from src\main\AndroidManifest.xml:5:5-67
MERGED from [com.google.android.gms:play-services-gcm:9.6.1] AndroidManifest.xml:21:5-66
MERGED from [com.google.android.gms:play-services-iid:9.6.1] AndroidManifest.xml:21:5-66
MERGED from [com.crashlytics.sdk.android:crashlytics:2.5.7] AndroidManifest.xml:9:5-67
MERGED from [com.crashlytics.sdk.android:beta:1.1.6] AndroidManifest.xml:9:5-67
MERGED from [com.crashlytics.sdk.android:crashlytics-core:2.3.10] AndroidManifest.xml:9:5-67
MERGED from [com.crashlytics.sdk.android:answers:1.3.8] AndroidManifest.xml:9:5-67
MERGED from [io.fabric.sdk.android:fabric:1.3.12] AndroidManifest.xml:25:5-67
	android:name
		ADDED from src\main\AndroidManifest.xml:5:22-64
uses-permission#android.permission.ACCESS_NETWORK_STATE
ADDED from src\main\AndroidManifest.xml:6:5-79
	android:name
		ADDED from src\main\AndroidManifest.xml:6:22-76
application
ADDED from src\main\AndroidManifest.xml:8:5-34:19
MERGED from [com.google.android.gms:play-services-gcm:9.6.1] AndroidManifest.xml:23:5-19
MERGED from [com.google.android.gms:play-services-iid:9.6.1] AndroidManifest.xml:23:5-19
MERGED from [com.google.android.gms:play-services-base:9.6.1] AndroidManifest.xml:18:5-20:19
MERGED from [com.google.android.gms:play-services-tasks:9.6.1] AndroidManifest.xml:4:5-19
MERGED from [com.google.android.gms:play-services-basement:9.6.1] AndroidManifest.xml:19:5-21:19
MERGED from [com.android.support:appcompat-v7:25.3.1] AndroidManifest.xml:29:5-20
MERGED from [com.android.support:support-v4:25.3.1] AndroidManifest.xml:29:5-20
MERGED from [com.android.support:support-fragment:25.3.1] AndroidManifest.xml:29:5-20
MERGED from [com.android.support:support-media-compat:25.3.1] AndroidManifest.xml:29:5-20
MERGED from [com.android.support:support-core-utils:25.3.1] AndroidManifest.xml:29:5-20
MERGED from [com.android.support:animated-vector-drawable:25.3.1] AndroidManifest.xml:26:5-20
MERGED from [com.android.support:support-vector-drawable:25.3.1] AndroidManifest.xml:26:5-20
MERGED from [com.android.support:support-core-ui:25.3.1] AndroidManifest.xml:29:5-20
MERGED from [com.android.support:support-compat:25.3.1] AndroidManifest.xml:29:5-20
MERGED from [com.android.support:cardview-v7:25.3.1] AndroidManifest.xml:26:5-20
MERGED from [com.crashlytics.sdk.android:crashlytics:2.5.7] AndroidManifest.xml:11:5-20
MERGED from [com.crashlytics.sdk.android:beta:1.1.6] AndroidManifest.xml:11:5-20
MERGED from [com.crashlytics.sdk.android:crashlytics-core:2.3.10] AndroidManifest.xml:11:5-20
MERGED from [com.crashlytics.sdk.android:answers:1.3.8] AndroidManifest.xml:11:5-20
MERGED from [io.fabric.sdk.android:fabric:1.3.12] AndroidManifest.xml:27:5-20
MERGED from [com.jakewharton.timber:timber:4.1.2] AndroidManifest.xml:8:5-20
	android:label
		ADDED from src\main\AndroidManifest.xml:12:9-41
	android:allowBackup
		ADDED from src\main\AndroidManifest.xml:10:9-36
	android:icon
		ADDED from src\main\AndroidManifest.xml:11:9-43
	android:theme
		ADDED from src\main\AndroidManifest.xml:13:9-40
	android:name
		ADDED from src\main\AndroidManifest.xml:9:9-47
activity#uk.co.ribot.androidboilerplate.ui.main.MainActivity
ADDED from src\main\AndroidManifest.xml:14:9-22:20
	android:label
		ADDED from src\main\AndroidManifest.xml:16:13-45
	android:name
		ADDED from src\main\AndroidManifest.xml:15:13-49
intent-filter#android.intent.action.MAIN+android.intent.category.LAUNCHER
ADDED from src\main\AndroidManifest.xml:17:13-21:29
action#android.intent.action.MAIN
ADDED from src\main\AndroidManifest.xml:18:17-69
	android:name
		ADDED from src\main\AndroidManifest.xml:18:25-66
category#android.intent.category.LAUNCHER
ADDED from src\main\AndroidManifest.xml:20:17-77
	android:name
		ADDED from src\main\AndroidManifest.xml:20:27-74
service#uk.co.ribot.androidboilerplate.data.SyncService
ADDED from src\main\AndroidManifest.xml:24:9-52
	android:name
		ADDED from src\main\AndroidManifest.xml:24:18-50
receiver#uk.co.ribot.androidboilerplate.data.SyncService$SyncOnConnectionAvailable
ADDED from src\main\AndroidManifest.xml:26:9-32:20
	android:enabled
		ADDED from src\main\AndroidManifest.xml:28:13-36
	android:name
		ADDED from src\main\AndroidManifest.xml:27:13-71
intent-filter#android.net.conn.CONNECTIVITY_CHANGE
ADDED from src\main\AndroidManifest.xml:29:13-31:29
action#android.net.conn.CONNECTIVITY_CHANGE
ADDED from src\main\AndroidManifest.xml:30:17-79
	android:name
		ADDED from src\main\AndroidManifest.xml:30:25-76
uses-sdk
INJECTED from src\main\AndroidManifest.xml reason: use-sdk injection requested
MERGED from [com.google.android.gms:play-services-gcm:9.6.1] AndroidManifest.xml:17:5-42
MERGED from [com.google.android.gms:play-services-iid:9.6.1] AndroidManifest.xml:17:5-42
MERGED from [com.google.android.gms:play-services-base:9.6.1] AndroidManifest.xml:17:5-42
MERGED from [com.google.android.gms:play-services-tasks:9.6.1] AndroidManifest.xml:3:5-42
MERGED from [com.google.android.gms:play-services-basement:9.6.1] AndroidManifest.xml:17:5-42
MERGED from [com.android.support:appcompat-v7:25.3.1] AndroidManifest.xml:21:5-23:78
MERGED from [com.android.support:support-v4:25.3.1] AndroidManifest.xml:21:5-23:54
MERGED from [com.android.support:support-fragment:25.3.1] AndroidManifest.xml:21:5-23:60
MERGED from [com.android.support:support-media-compat:25.3.1] AndroidManifest.xml:21:5-23:63
MERGED from [com.android.support:support-core-utils:25.3.1] AndroidManifest.xml:21:5-23:61
MERGED from [com.android.support:animated-vector-drawable:25.3.1] AndroidManifest.xml:20:5-44
MERGED from [com.android.support:support-vector-drawable:25.3.1] AndroidManifest.xml:20:5-43
MERGED from [com.android.support:recyclerview-v7:25.3.1] AndroidManifest.xml:20:5-43
MERGED from [com.android.support:support-core-ui:25.3.1] AndroidManifest.xml:21:5-23:58
MERGED from [com.android.support:support-compat:25.3.1] AndroidManifest.xml:21:5-23:58
MERGED from [com.android.support:cardview-v7:25.3.1] AndroidManifest.xml:20:5-43
MERGED from [com.squareup.sqlbrite2:sqlbrite:2.0.0] AndroidManifest.xml:6:5-43
MERGED from [io.reactivex.rxjava2:rxandroid:2.0.1] AndroidManifest.xml:19:5-43
MERGED from [com.crashlytics.sdk.android:crashlytics:2.5.7] AndroidManifest.xml:7:5-43
MERGED from [com.crashlytics.sdk.android:beta:1.1.6] AndroidManifest.xml:7:5-43
MERGED from [com.crashlytics.sdk.android:crashlytics-core:2.3.10] AndroidManifest.xml:7:5-43
MERGED from [com.crashlytics.sdk.android:answers:1.3.8] AndroidManifest.xml:7:5-43
MERGED from [io.fabric.sdk.android:fabric:1.3.12] AndroidManifest.xml:23:5-43
MERGED from [com.jakewharton.timber:timber:4.1.2] AndroidManifest.xml:6:5-44
MERGED from [com.jakewharton:butterknife:8.4.0] AndroidManifest.xml:5:5-43
	tools:overrideLibrary
		ADDED from [com.android.support:appcompat-v7:25.3.1] AndroidManifest.xml:23:9-75
	android:targetSdkVersion
		INJECTED from src\main\AndroidManifest.xml
		INJECTED from src\debug\AndroidManifest.xml
	android:minSdkVersion
		INJECTED from src\main\AndroidManifest.xml
		INJECTED from src\debug\AndroidManifest.xml
uses-permission#com.google.android.c2dm.permission.RECEIVE
ADDED from [com.google.android.gms:play-services-gcm:9.6.1] AndroidManifest.xml:20:5-81
MERGED from [com.google.android.gms:play-services-iid:9.6.1] AndroidManifest.xml:20:5-81
	android:name
		ADDED from [com.google.android.gms:play-services-gcm:9.6.1] AndroidManifest.xml:20:22-79
activity#com.google.android.gms.common.api.GoogleApiActivity
ADDED from [com.google.android.gms:play-services-base:9.6.1] AndroidManifest.xml:19:9-172
	android:exported
		ADDED from [com.google.android.gms:play-services-base:9.6.1] AndroidManifest.xml:19:146-170
	android:theme
		ADDED from [com.google.android.gms:play-services-base:9.6.1] AndroidManifest.xml:19:86-145
	android:name
		ADDED from [com.google.android.gms:play-services-base:9.6.1] AndroidManifest.xml:19:19-85
meta-data#com.google.android.gms.version
ADDED from [com.google.android.gms:play-services-basement:9.6.1] AndroidManifest.xml:20:9-121
	android:value
		ADDED from [com.google.android.gms:play-services-basement:9.6.1] AndroidManifest.xml:20:66-119
	android:name
		ADDED from [com.google.android.gms:play-services-basement:9.6.1] AndroidManifest.xml:20:20-65
meta-data#android.support.VERSION
ADDED from [com.android.support:appcompat-v7:25.3.1] AndroidManifest.xml:25:5-27:34
MERGED from [com.android.support:support-v4:25.3.1] AndroidManifest.xml:25:5-27:34
MERGED from [com.android.support:support-fragment:25.3.1] AndroidManifest.xml:25:5-27:34
MERGED from [com.android.support:support-media-compat:25.3.1] AndroidManifest.xml:25:5-27:34
MERGED from [com.android.support:support-core-utils:25.3.1] AndroidManifest.xml:25:5-27:34
MERGED from [com.android.support:animated-vector-drawable:25.3.1] AndroidManifest.xml:22:5-24:34
MERGED from [com.android.support:support-vector-drawable:25.3.1] AndroidManifest.xml:22:5-24:34
MERGED from [com.android.support:recyclerview-v7:25.3.1] AndroidManifest.xml:22:5-24:34
MERGED from [com.android.support:support-core-ui:25.3.1] AndroidManifest.xml:25:5-27:34
MERGED from [com.android.support:support-compat:25.3.1] AndroidManifest.xml:25:5-27:34
MERGED from [com.android.support:cardview-v7:25.3.1] AndroidManifest.xml:22:5-24:34
	android:value
		ADDED from [com.android.support:appcompat-v7:25.3.1] AndroidManifest.xml:27:9-31
	android:name
		ADDED from [com.android.support:appcompat-v7:25.3.1] AndroidManifest.xml:26:9-47